Add component: Footprint Not Found CAP 0603_1608
Added Component: Designator=C?(CAP_0603)
Add component (AddParameter): Name = "Dielectric"; Value = ""; VariantName = "[No Variations]"
Add component (AddParameter): Name = "Distributor Link"; Value = ""; VariantName = "[No Variations]"
Add component (AddParameter): Name = "LCSC"; Value = ""; VariantName = "[No Variations]"
Add component (AddParameter): Name = "Manufacturer"; Value = ""; VariantName = "[No Variations]"
Add component (AddParameter): Name = "Manufacturer Part Number"; Value = ""; VariantName = "[No Variations]"
Add component (AddParameter): Name = "Rating"; Value = ""; VariantName = "[No Variations]"
Add component: Footprint Not Found CAP 0603_1608
Add component: Footprint Not Found CAP 0603_1608
Add Pin To Net: Unknown Pin: Pin C100-1
Add Pin To Net: Unknown Pin: Pin C100-2
Added Pin To Net: NetName=+3V3 Pin=U100-6
Added Pin To Net: NetName=GND Pin=U100-10
Added Pin To Net: NetName=+3V3 Pin=U100-11
Added Pin To Net: NetName=+3V3 Pin=U100-19
Added Pin To Net: NetName=GND Pin=U100-20
Added Pin To Net: NetName=+3V3 Pin=U100-21
Added Pin To Net: NetName=+3V3 Pin=U100-22
Added Pin To Net: NetName=GND Pin=U100-27
Added Pin To Net: NetName=+3V3 Pin=U100-28
Added Pin To Net: NetName=GND Pin=U100-49
Added Pin To Net: NetName=+3V3 Pin=U100-50
Added Pin To Net: NetName=GND Pin=U100-74
Added Pin To Net: NetName=+3V3 Pin=U100-75
Added Pin To Net: NetName=GND Pin=U100-99
Added Pin To Net: NetName=+3V3 Pin=U100-100
Add Class Member: Failed to add class member : Component C100 100n
Added Member To Class: ClassName=2_MCU Member=Component C? C0603
Added Member To Class: ClassName=2_MCU Member=Component C? 100n
Added Member To Class: ClassName=2_MCU Member=Component C? 100n
